<?xml version="1.0" encoding="UTF-8"?>
<!-- Generated by org.testng.reporters.JUnitXMLReporter -->
<testsuite hostname="DESKTOP-G1T6KU3" ignored="0" name="Default test" tests="3" failures="0" timestamp="13 Aug 2019 17:55:49 GMT" time="36.744" errors="0">
  <testcase name="verifyLoginPageTitleTest" time="0.018" classname="com.mytests.LoginTest"/>
  <testcase name="verifyLoginPageHeaderTextTest" time="0.096" classname="com.mytests.LoginTest"/>
  <testcase name="doLoginTest" time="11.376" classname="com.mytests.LoginTest"/>
</testsuite> <!-- Default test -->
