<?xml version="1.0" encoding="UTF-8"?>
<!-- Generated by org.testng.reporters.JUnitXMLReporter -->
<testsuite hostname="DESKTOP-G1T6KU3" ignored="0" name="Default test" tests="8" failures="0" timestamp="2020-07-15T15:42:11 IST" time="0.728" errors="0">
  <testcase name="@BeforeTest setUpTest" time="0.063" classname="demo.TestNG_Demo">
    <failure type="java.lang.NullPointerException">
      <![CDATA[java.lang.NullPointerException
at demo.TestNG_Demo.setUpTest(TestNG_Demo.java:40)
at sun.reflect.NativeMethodAccessorImpl.invoke0(Native Method)
at sun.reflect.NativeMethodAccessorImpl.invoke(Unknown Source)
at sun.reflect.DelegatingMethodAccessorImpl.invoke(Unknown Source)
at java.lang.reflect.Method.invoke(Unknown Source)
at org.testng.internal.MethodInvocationHelper.invokeMethod(MethodInvocationHelper.java:134)
at org.testng.internal.MethodInvocationHelper.invokeMethodConsideringTimeout(MethodInvocationHelper.java:63)
at org.testng.internal.ConfigInvoker.invokeConfigurationMethod(ConfigInvoker.java:348)
at org.testng.internal.ConfigInvoker.invokeConfigurations(ConfigInvoker.java:302)
at org.testng.TestRunner.invokeTestConfigurations(TestRunner.java:619)
at org.testng.TestRunner.beforeRun(TestRunner.java:609)
at org.testng.TestRunner.run(TestRunner.java:580)
at org.testng.SuiteRunner.runTest(SuiteRunner.java:384)
at org.testng.SuiteRunner.runSequentially(SuiteRunner.java:378)
at org.testng.SuiteRunner.privateRun(SuiteRunner.java:337)
at org.testng.SuiteRunner.run(SuiteRunner.java:286)
at org.testng.SuiteRunnerWorker.runSuite(SuiteRunnerWorker.java:53)
at org.testng.SuiteRunnerWorker.run(SuiteRunnerWorker.java:96)
at org.testng.TestNG.runSuitesSequentially(TestNG.java:1187)
at org.testng.TestNG.runSuitesLocally(TestNG.java:1109)
at org.testng.TestNG.runSuites(TestNG.java:1039)
at org.testng.TestNG.run(TestNG.java:1007)
at org.testng.remote.AbstractRemoteTestNG.run(AbstractRemoteTestNG.java:115)
at org.testng.remote.RemoteTestNG.initAndRun(RemoteTestNG.java:251)
at org.testng.remote.RemoteTestNG.main(RemoteTestNG.java:77)
]]>
    </failure>
  </testcase> <!-- @BeforeTest setUpTest -->
  <testcase name="@BeforeTest setUpTest" time="-1.5948241309E9" classname="demo.TestNG_Demoa">
    <skipped/>
  </testcase> <!-- @BeforeTest setUpTest -->
  <testcase name="@BeforeTest setUpTest" time="-1.594824130902E9" classname="demo.TestNG_Demoa2">
    <skipped/>
  </testcase> <!-- @BeforeTest setUpTest -->
  <testcase name="@BeforeTest setUpTest" time="-1.594824130903E9" classname="demo.TestNG_Demoa3">
    <skipped/>
  </testcase> <!-- @BeforeTest setUpTest -->
  <testcase name="@BeforeTest setUpTest" time="-1.594824130904E9" classname="demo.TestNG_Demoa4">
    <skipped/>
  </testcase> <!-- @BeforeTest setUpTest -->
  <testcase name="@BeforeMethod setUpTest" time="-1.594824131064E9" classname="demo.CustomXPath">
    <skipped/>
  </testcase> <!-- @BeforeMethod setUpTest -->
  <testcase name="@AfterMethod tearDown" time="-1.594824131147E9" classname="demo.CustomXPath">
    <skipped/>
  </testcase> <!-- @AfterMethod tearDown -->
  <testcase name="@BeforeMethod setUpTest" time="-1.59482413115E9" classname="demo.BootstrapDropDownExample">
    <skipped/>
  </testcase> <!-- @BeforeMethod setUpTest -->
  <testcase name="@AfterMethod tearDown" time="-1.594824131162E9" classname="demo.BootstrapDropDownExample">
    <skipped/>
  </testcase> <!-- @AfterMethod tearDown -->
  <testcase name="@BeforeMethod setUp" time="-1.594824131165E9" classname="demo.PopUp">
    <skipped/>
  </testcase> <!-- @BeforeMethod setUp -->
  <testcase name="@AfterMethod tearDown" time="-1.594824131172E9" classname="demo.PopUp">
    <skipped/>
  </testcase> <!-- @AfterMethod tearDown -->
  <testcase name="googleSearch" time="0.0" classname="demo.TestNG_Demoa3">
    <skipped/>
  </testcase> <!-- googleSearch -->
  <testcase name="googleSearch" time="0.0" classname="demo.TestNG_Demo">
    <skipped/>
  </testcase> <!-- googleSearch -->
  <testcase name="googleSearch" time="0.0" classname="demo.TestNG_Demoa4">
    <skipped/>
  </testcase> <!-- googleSearch -->
  <testcase name="googleSearch" time="0.0" classname="demo.TestNG_Demoa2">
    <skipped/>
  </testcase> <!-- googleSearch -->
  <testcase name="googleSearch" time="0.0" classname="demo.TestNG_Demoa">
    <skipped/>
  </testcase> <!-- googleSearch -->
  <testcase name="countLinks" time="0.0" classname="demo.CustomXPath">
    <skipped/>
  </testcase> <!-- countLinks -->
  <testcase name="selectWarningOption" time="0.0" classname="demo.BootstrapDropDownExample">
    <skipped/>
  </testcase> <!-- selectWarningOption -->
  <testcase name="switchingToPopUpWindows" time="0.0" classname="demo.PopUp">
    <skipped/>
  </testcase> <!-- switchingToPopUpWindows -->
</testsuite> <!-- Default test -->
