<?xml version="1.0" encoding="UTF-8"?>
<!-- Generated by org.testng.reporters.JUnitXMLReporter -->
<testsuite hostname="DESKTOP-G1T6KU3" ignored="0" name="Demo1" tests="3" failures="0" timestamp="12 Aug 2019 11:05:23 GMT" time="40.628" errors="0">
  <testcase name="verifyLoginPageTitleTest" time="0.022" classname="com.mytests.LoginTest"/>
  <testcase name="verifyLoginPageHeaderTextTest" time="0.101" classname="com.mytests.LoginTest"/>
  <testcase name="doLoginTest" time="0.619" classname="com.mytests.LoginTest"/>
</testsuite> <!-- Demo1 -->
