<?xml version="1.0" encoding="UTF-8"?>
<!-- Generated by org.testng.reporters.JUnitXMLReporter -->
<testsuite hostname="DESKTOP-G1T6KU3" ignored="2" name="Demo1" tests="1" failures="0" timestamp="09 Aug 2019 17:47:18 GMT" time="7.947" errors="0">
  <testcase name="doLoginTest" time="0.469" classname="com.mytests.LoginTest"/>
  <testcase name="verifyLoginPageHeaderTextTest" time="0.0" classname="com.mytests.LoginTest">
    <ignored/>
  </testcase> <!-- verifyLoginPageHeaderTextTest -->
  <testcase name="verifyLoginPageTitleTest" time="0.0" classname="com.mytests.LoginTest">
    <ignored/>
  </testcase> <!-- verifyLoginPageTitleTest -->
</testsuite> <!-- Demo1 -->
