<?xml version="1.0" encoding="UTF-8"?>
<testng-results skipped="0" failed="1" ignored="0" total="1" passed="0">
  <reporter-output>
  </reporter-output>
  <suite name="Default suite" duration-ms="1350" started-at="2020-09-30T13:13:02 IST" finished-at="2020-09-30T13:13:03 IST">
    <groups>
    </groups>
    <test name="Default test" duration-ms="1350" started-at="2020-09-30T13:13:02 IST" finished-at="2020-09-30T13:13:03 IST">
      <class name="demo.Reports_Read_PDF">
        <test-method status="FAIL" signature="readPDFTest()[pri:1, instance:demo.Reports_Read_PDF@4917d36b]" name="readPDFTest" duration-ms="875" started-at="2020-09-30T13:13:02 IST" finished-at="2020-09-30T13:13:03 IST">
          <exception class="java.io.IOException">
            <message>
              <![CDATA[Error: End-of-File, expected line]]>
            </message>
            <full-stacktrace>
              <![CDATA[java.io.IOException: Error: End-of-File, expected line
at org.apache.pdfbox.pdfparser.BaseParser.readLine(BaseParser.java:1124)
at org.apache.pdfbox.pdfparser.COSParser.parseHeader(COSParser.java:2591)
at org.apache.pdfbox.pdfparser.COSParser.parsePDFHeader(COSParser.java:2574)
at org.apache.pdfbox.pdfparser.PDFParser.parse(PDFParser.java:219)
at org.apache.pdfbox.pdmodel.PDDocument.load(PDDocument.java:1215)
at org.apache.pdfbox.pdmodel.PDDocument.load(PDDocument.java:1115)
at demo.Reports_Read_PDF.readPDFTest(Reports_Read_PDF.java:33)
at sun.reflect.NativeMethodAccessorImpl.invoke0(Native Method)
at sun.reflect.NativeMethodAccessorImpl.invoke(Unknown Source)
at sun.reflect.DelegatingMethodAccessorImpl.invoke(Unknown Source)
at java.lang.reflect.Method.invoke(Unknown Source)
at org.testng.internal.MethodInvocationHelper.invokeMethod(MethodInvocationHelper.java:132)
at org.testng.internal.TestInvoker.invokeMethod(TestInvoker.java:599)
at org.testng.internal.TestInvoker.invokeTestMethod(TestInvoker.java:174)
at org.testng.internal.MethodRunner.runInSequence(MethodRunner.java:46)
at org.testng.internal.TestInvoker$MethodInvocationAgent.invoke(TestInvoker.java:822)
at org.testng.internal.TestInvoker.invokeTestMethods(TestInvoker.java:147)
at org.testng.internal.TestMethodWorker.invokeTestMethods(TestMethodWorker.java:146)
at org.testng.internal.TestMethodWorker.run(TestMethodWorker.java:128)
at java.util.ArrayList.forEach(Unknown Source)
at org.testng.TestRunner.privateRun(TestRunner.java:764)
at org.testng.TestRunner.run(TestRunner.java:585)
at org.testng.SuiteRunner.runTest(SuiteRunner.java:384)
at org.testng.SuiteRunner.runSequentially(SuiteRunner.java:378)
at org.testng.SuiteRunner.privateRun(SuiteRunner.java:337)
at org.testng.SuiteRunner.run(SuiteRunner.java:286)
at org.testng.SuiteRunnerWorker.runSuite(SuiteRunnerWorker.java:53)
at org.testng.SuiteRunnerWorker.run(SuiteRunnerWorker.java:96)
at org.testng.TestNG.runSuitesSequentially(TestNG.java:1218)
at org.testng.TestNG.runSuitesLocally(TestNG.java:1140)
at org.testng.TestNG.runSuites(TestNG.java:1069)
at org.testng.TestNG.run(TestNG.java:1037)
at org.testng.remote.AbstractRemoteTestNG.run(AbstractRemoteTestNG.java:115)
at org.testng.remote.RemoteTestNG.initAndRun(RemoteTestNG.java:251)
at org.testng.remote.RemoteTestNG.main(RemoteTestNG.java:77)
]]>
            </full-stacktrace>
          </exception> <!-- java.io.IOException -->
          <reporter-output>
          </reporter-output>
        </test-method> <!-- readPDFTest -->
      </class> <!-- demo.Reports_Read_PDF -->
    </test> <!-- Default test -->
  </suite> <!-- Default suite -->
</testng-results>
